<?xml version="1.0" encoding="UTF-8"?>
<!-- Generated by org.testng.reporters.JUnitXMLReporter -->
<testsuite ignored="0" hostname="Uncodemy" failures="1" tests="2" name="Testing-Sanity" time="28.646" errors="0" timestamp="2024-02-04T15:51:27 IST">
  <testcase classname="day1.Classes" name="loginPage" time="5.514"/>
  <testcase classname="day1.SeleniumTest" name="f" time="4.414">
    <failure type="java.lang.AssertionError" message="expected [GitHub: Let’s build from here · GitHub] but found [Hello Github]">
      <![CDATA[java.lang.AssertionError: expected [GitHub: Let’s build from here · GitHub] but found [Hello Github]
at day1.SeleniumTest.f(SeleniumTest.java:33)
at java.base/java.util.ArrayList.forEach(ArrayList.java:1511)
... Removed 33 stack frames]]>
    </failure>
  </testcase> <!-- f -->
</testsuite> <!-- Testing-Sanity -->
